<?xml version="1.0" encoding="UTF-8"?>
<!-- Generated by org.testng.reporters.JUnitXMLReporter -->
<testsuite hostname="Navya-PC" ignored="0" name="Default test(failed)(failed)" tests="1" failures="1" timestamp="13 Mar 2018 11:06:41 GMT" time="61.132" errors="0">
  <testcase name="testCheckProductVersion" time="23.454" classname="script.CheckProductVersion">
    <failure type="java.lang.AssertionError" message="expected [actiTime 2017.4] but found [actiTIME 2017.4]">
      <![CDATA[java.lang.AssertionError: expected [actiTime 2017.4] but found [actiTIME 2017.4]
at page.EnterPage.verifyProductVersion(EnterPage.java:41)
at script.CheckProductVersion.testCheckProductVersion(CheckProductVersion.java:29)
... Removed 31 stack frames]]>
    </failure>
  </testcase> <!-- testCheckProductVersion -->
</testsuite> <!-- Default test(failed)(failed) -->
